{"/home/diogo/workspace/learning/udemy/vue_with_tdd/source/src/pages/SignUpPage.vue": {"path":"/home/diogo/workspace/learning/udemy/vue_with_tdd/source/src/pages/SignUpPage.vue","statementMap":{"0":{"start":{"line":3,"column":0},"end":{"line":5,"column":3}},"1":{"start":{"line":6,"column":0},"end":{"line":6,"column":24}},"2":{"start":{"line":7,"column":11},"end":{"line":7,"column":25}},"3":{"start":{"line":9,"column":2},"end":{"line":9,"column":84}},"4":{"start":{"line":10,"column":2},"end":{"line":10,"column":49}}},"fnMap":{"0":{"name":"render","decl":{"start":{"line":8,"column":9},"end":{"line":8,"column":15}},"loc":{"start":{"line":8,"column":30},"end":{"line":10,"column":1}},"line":8}},"branchMap":{},"s":{"0":1,"1":1,"2":1,"3":1,"4":1},"f":{"0":1},"b":{},"inputSourceMap":{"0":"{","1":"\"","2":"v","3":"e","4":"r","5":"s","6":"i","7":"o","8":"n","9":"\"","10":":","11":"3","12":",","13":"\"","14":"s","15":"o","16":"u","17":"r","18":"c","19":"e","20":"s","21":"\"","22":":","23":"[","24":"]","25":",","26":"\"","27":"n","28":"a","29":"m","30":"e","31":"s","32":"\"","33":":","34":"[","35":"]","36":",","37":"\"","38":"m","39":"a","40":"p","41":"p","42":"i","43":"n","44":"g","45":"s","46":"\"","47":":","48":"\"","49":"\"","50":",","51":"\"","52":"f","53":"i","54":"l","55":"e","56":"\"","57":":","58":"\"","59":"/","60":"h","61":"o","62":"m","63":"e","64":"/","65":"d","66":"i","67":"o","68":"g","69":"o","70":"/","71":"w","72":"o","73":"r","74":"k","75":"s","76":"p","77":"a","78":"c","79":"e","80":"/","81":"l","82":"e","83":"a","84":"r","85":"n","86":"i","87":"n","88":"g","89":"/","90":"u","91":"d","92":"e","93":"m","94":"y","95":"/","96":"v","97":"u","98":"e","99":"_","100":"w","101":"i","102":"t","103":"h","104":"_","105":"t","106":"d","107":"d","108":"/","109":"s","110":"o","111":"u","112":"r","113":"c","114":"e","115":"/","116":"s","117":"r","118":"c","119":"/","120":"p","121":"a","122":"g","123":"e","124":"s","125":"/","126":"S","127":"i","128":"g","129":"n","130":"U","131":"p","132":"P","133":"a","134":"g","135":"e","136":".","137":"v","138":"u","139":"e","140":"\"","141":"}"},"_coverageSchema":"1a1c01bbd47fc00a2c39e90264f33305004495a9","hash":"95a1abd8904238c158f4377563cce74194fbf121"}
}
